<?xml version="1.0" encoding="UTF-8"?>
<!-- Generated by org.testng.reporters.JUnitReportReporter -->
<testsuite hostname="DESKTOP-P2SK9CB" failures="0" tests="6" name="com.qa.runner.TestRunnertestng" time="52.695" errors="0" timestamp="2022-10-09T21:22:20 IST" skipped="0">
  <testcase classname="com.qa.runner.TestRunnertestng" name="runScenario" time="8.154"/>
  <system-out/>
  <testcase classname="com.qa.runner.TestRunnertestng" name="runScenario" time="9.221"/>
  <system-out/>
  <testcase classname="com.qa.runner.TestRunnertestng" name="runScenario" time="9.831"/>
  <system-out/>
  <testcase classname="com.qa.runner.TestRunnertestng" name="runScenario" time="9.256"/>
  <system-out/>
  <testcase classname="com.qa.runner.TestRunnertestng" name="runScenario" time="8.507"/>
  <system-out/>
  <testcase classname="com.qa.runner.TestRunnertestng" name="runScenario" time="7.726"/>
  <system-out/>
</testsuite> <!-- com.qa.runner.TestRunnertestng -->
