<?xml version="1.0" encoding="UTF-8"?>
<!-- Generated by org.testng.reporters.JUnitReportReporter -->
<testsuite hostname="DESKTOP-P2SK9CB" failures="0" tests="6" name="com.qa.runner.TestRunner" time="35.366" errors="0" timestamp="2022-09-07T14:10:43 IST" skipped="0">
  <testcase classname="com.qa.runner.TestRunner" name="runScenario" time="6.828"/>
  <system-out/>
  <testcase classname="com.qa.runner.TestRunner" name="runScenario" time="5.265"/>
  <system-out/>
  <testcase classname="com.qa.runner.TestRunner" name="runScenario" time="5.619"/>
  <system-out/>
  <testcase classname="com.qa.runner.TestRunner" name="runScenario" time="5.339"/>
  <system-out/>
  <testcase classname="com.qa.runner.TestRunner" name="runScenario" time="5.969"/>
  <system-out/>
  <testcase classname="com.qa.runner.TestRunner" name="runScenario" time="6.346"/>
  <system-out/>
</testsuite> <!-- com.qa.runner.TestRunner -->
